<html xmlns:math="http://exslt.org/math" xmlns:testng="http://testng.org">
   <head>
      <title>TestNG XSLT Results</title>
      <meta http-equiv="content-type" content="text/html; charset=utf-8"></meta>
      <meta http-equiv="pragma" content="no-cache"></meta>
      <meta http-equiv="cache-control" content="max-age=0"></meta>
      <meta http-equiv="cache-control" content="no-cache"></meta>
      <meta http-equiv="cache-control" content="no-store"></meta>
      <LINK rel="stylesheet" href="style.css"></LINK>
      <script type="text/javascript" src="main.js"></script>
   </head>
   <body>
      <table width="100%" style="font-size: 16px; margin-bottom: 10px;" cellspacing="1">
         <tr>
            <td width="100%">
               All methods in suite
               
               <b>CCW</b>
            </td>
            <td style="background-color: #FFBBBB; padding: 3px 3px 3px 0;" align="center">
               <div style="width: 50px;">0</div>
            </td>
            <td style="background-color: lightgreen; padding: 3px 3px 3px 0;" align="center">
               <div style="width: 50px;">3</div>
            </td>
            <td style="background-color: #FFFFBB; padding: 3px 3px 3px 0;" align="center">
               <div style="width: 50px;">6</div>
            </td>
            <td align="center" style="background-color: #eaf0f7; padding: 3px 3px 3px 0;">
               <div style="width: 50px;">9</div>
            </td>
            <td align="center"
                style="font-weight: bold; background-color: #eaf0f7; padding: 3px 3px 3px 0;">
               <div style="width: 50px;">33%</div>
            </td>
         </tr>
      </table>
      <div style="width: 200px;">
         <label for="groupMethodsCheckBox" style="font-weight: bold; margin: 0;">
            <input id="groupMethodsCheckBox" type="checkbox" onclick="switchTestMethodsView(this)"></input>
            Group by class
            
         </label>
         <br></br>
         <label for="methodsFilter_ALL" style="font-weight: bold; margin: 0;">
            <input id="methodsFilter_ALL" type="checkbox"
                   onclick="testMethodsFilterChanged(this, 'ALL')"></input>
            All
            
         </label>
      </div>
      <label for="methodsFilter_FAIL" style="margin-left: 20px;">
         <input id="methodsFilter_FAIL" type="checkbox"
                onclick="testMethodsFilterChanged(this, 'FAIL')"
                checked=""></input>
         Failed
         
      </label>
      <label for="methodsFilter_PASS">
         <input id="methodsFilter_PASS" type="checkbox"
                onclick="testMethodsFilterChanged(this, 'PASS')"
                checked=""></input>
         Passed
         
      </label>
      <label for="methodsFilter_SKIP">
         <input id="methodsFilter_SKIP" type="checkbox"
                onclick="testMethodsFilterChanged(this, 'SKIP')"
                checked=""></input>
         Skipped
         
      </label>
      <label for="methodsFilter_CONF">
         <input id="methodsFilter_CONF" type="checkbox"
                onclick="testMethodsFilterChanged(this, 'CONF')"></input>
         Config
         
      </label>
      <br></br>
      <div id="testMethodsByStatus">
         <table class="testMethodsTable" cellpadding="0" cellspacing="0">
            <tr class="methodsTableHeader">
               <td width="100%">Name</td>
               <td nowrap="true">Started</td>
               <td nowrap="true">Duration</td>
               <td>Exception</td>
            </tr>
            <tr id="com.q2o.suiteCCW.BehaviourDeal_behaviourDeal_byStatus_passed_PASS1_row"
                class="testMethodStatusPASS">
               <td width="100%" class="firstMethodCell">
                  <a onclick="toggleDetailsVisibility('com.q2o.suiteCCW.BehaviourDeal_behaviourDeal_byStatus_passed_PASS1_details')">behaviourDeal({Runmodes=Y, userid=emily-culp, password=cisco123})</a>
               </td>
               <td nowrap="true">15:52:15</td>
               <td nowrap="true" align="right">174 ms
                  
               </td>
               <td nowrap="true">
                   
                  
               </td>
            </tr>
            <tr>
               <td colspan="4" class="detailsBox">
                  <div id="com.q2o.suiteCCW.BehaviourDeal_behaviourDeal_byStatus_passed_PASS1_details"
                       class="testMethodDetails">
                     <div>
                        <b>Name: </b>behaviourDeal
                     </div>
                     <div>
                        <b>Signature: </b>behaviourDeal(java.util.Hashtable)
                     </div>
                     <div>
                        <b>Parameters: </b>
                        
                        {Runmodes=Y, userid=emily-culp, password=cisco123}
                        
                        
                     </div>
                     <div>
                        <b>Start time: </b>15:52:15
                     </div>
                     <div>
                        <b>End time: </b>15:52:15
                     </div>
                     <div>
                        <b>Duration: </b>174 ms
                        
                     </div>
                  </div>
               </td>
            </tr>
            <tr></tr>
            <tr id="com.q2o.suiteCCW.BehaviourDeal_behaviourDeal_byStatus_passed_PASS2_row"
                class="testMethodStatusPASS">
               <td width="100%" class="firstMethodCell">
                  <a onclick="toggleDetailsVisibility('com.q2o.suiteCCW.BehaviourDeal_behaviourDeal_byStatus_passed_PASS2_details')">behaviourDeal({Runmodes=Y, userid=jgose, password=cisco123})</a>
               </td>
               <td nowrap="true">15:52:15</td>
               <td nowrap="true" align="right">141 ms
                  
               </td>
               <td nowrap="true">
                   
                  
               </td>
            </tr>
            <tr>
               <td colspan="4" class="detailsBox">
                  <div id="com.q2o.suiteCCW.BehaviourDeal_behaviourDeal_byStatus_passed_PASS2_details"
                       class="testMethodDetails">
                     <div>
                        <b>Name: </b>behaviourDeal
                     </div>
                     <div>
                        <b>Signature: </b>behaviourDeal(java.util.Hashtable)
                     </div>
                     <div>
                        <b>Parameters: </b>
                        
                        {Runmodes=Y, userid=jgose, password=cisco123}
                        
                        
                     </div>
                     <div>
                        <b>Start time: </b>15:52:15
                     </div>
                     <div>
                        <b>End time: </b>15:52:15
                     </div>
                     <div>
                        <b>Duration: </b>141 ms
                        
                     </div>
                  </div>
               </td>
            </tr>
            <tr></tr>
            <tr id="com.q2o.suiteCCW.GlobalDeal_globalDeal_byStatus_passed_PASS3_row"
                class="testMethodStatusPASS">
               <td width="100%" class="firstMethodCell">
                  <a onclick="toggleDetailsVisibility('com.q2o.suiteCCW.GlobalDeal_globalDeal_byStatus_passed_PASS3_details')">globalDeal({Runmodes=Y, userid=jgose, password=cisco123})</a>
               </td>
               <td nowrap="true">15:52:15</td>
               <td nowrap="true" align="right">102 ms
                  
               </td>
               <td nowrap="true">
                   
                  
               </td>
            </tr>
            <tr>
               <td colspan="4" class="detailsBox">
                  <div id="com.q2o.suiteCCW.GlobalDeal_globalDeal_byStatus_passed_PASS3_details"
                       class="testMethodDetails">
                     <div>
                        <b>Name: </b>globalDeal
                     </div>
                     <div>
                        <b>Signature: </b>globalDeal(java.util.Hashtable)
                     </div>
                     <div>
                        <b>Parameters: </b>
                        
                        {Runmodes=Y, userid=jgose, password=cisco123}
                        
                        
                     </div>
                     <div>
                        <b>Start time: </b>15:52:15
                     </div>
                     <div>
                        <b>End time: </b>15:52:15
                     </div>
                     <div>
                        <b>Duration: </b>102 ms
                        
                     </div>
                  </div>
               </td>
            </tr>
            <tr></tr>
            <tr id="com.q2o.suiteCCW.Non_BehaviourDeal_non_behaviourDeal_byStatus_skiped_SKIP1_row"
                class="testMethodStatusSKIP">
               <td width="100%" class="firstMethodCell">
                  <a onclick="toggleDetailsVisibility('com.q2o.suiteCCW.Non_BehaviourDeal_non_behaviourDeal_byStatus_skiped_SKIP1_details')">non_behaviourDeal({Runmodes=N, userid=emily-culp, password=cisco123, Inteded Use=Rsale})</a>
               </td>
               <td nowrap="true">15:52:16</td>
               <td nowrap="true" align="right">109 ms
                  
               </td>
               <td nowrap="true">
                  <a onclick="toggleDetailsVisibility('com.q2o.suiteCCW.Non_BehaviourDeal_non_behaviourDeal_byStatus_skiped_SKIP1_exception')">org.testng.SkipException: 
                     Skipping test :Non_BehaviourDeal - becuase  Run Mode of Either test Suite ,Test Case or Data are Set as No
                     
                  </a>
                   
                  
               </td>
            </tr>
            <tr>
               <td colspan="4" class="detailsBox">
                  <div id="com.q2o.suiteCCW.Non_BehaviourDeal_non_behaviourDeal_byStatus_skiped_SKIP1_details"
                       class="testMethodDetails">
                     <div>
                        <b>Name: </b>non_behaviourDeal
                     </div>
                     <div>
                        <b>Signature: </b>non_behaviourDeal(java.util.Hashtable)
                     </div>
                     <div>
                        <b>Parameters: </b>
                        
                        {Runmodes=N, userid=emily-culp, password=cisco123, Inteded Use=Rsale}
                        
                        
                     </div>
                     <div>
                        <b>Start time: </b>15:52:16
                     </div>
                     <div>
                        <b>End time: </b>15:52:16
                     </div>
                     <div>
                        <b>Duration: </b>109 ms
                        
                     </div>
                  </div>
               </td>
            </tr>
            <tr>
               <td colspan="4" class="detailsBox">
                  <div id="com.q2o.suiteCCW.Non_BehaviourDeal_non_behaviourDeal_byStatus_skiped_SKIP1_exception"
                       class="testMethodDetails">
                     <pre style="padding: 5px; margin: 0;">org.testng.SkipException: Skipping test :Non_BehaviourDeal - becuase  Run Mode of Either test Suite ,Test Case or Data are
                        Set as No
                        	at com.q2o.base.TestBase.validateRunmodes(TestBase.java:30)
                        	at com.q2o.suiteCCW.Non_BehaviourDeal.non_behaviourDeal(Non_BehaviourDeal.java:15)
                        	at sun.reflect.NativeMethodAccessorImpl.invoke0(Native Method)
                        	at sun.reflect.NativeMethodAccessorImpl.invoke(NativeMethodAccessorImpl.java:62)
                        	at sun.reflect.DelegatingMethodAccessorImpl.invoke(DelegatingMethodAccessorImpl.java:43)
                        	at java.lang.reflect.Method.invoke(Method.java:483)
                        	at org.testng.internal.MethodInvocationHelper.invokeMethod(MethodInvocationHelper.java:80)
                        	at org.testng.internal.Invoker.invokeMethod(Invoker.java:673)
                        	at org.testng.internal.Invoker.invokeTestMethod(Invoker.java:842)
                        	at org.testng.internal.Invoker.invokeTestMethods(Invoker.java:1166)
                        	at org.testng.internal.TestMethodWorker.invokeTestMethods(TestMethodWorker.java:125)
                        	at org.testng.internal.TestMethodWorker.run(TestMethodWorker.java:109)
                        	at org.testng.TestRunner.runWorkers(TestRunner.java:1178)
                        	at org.testng.TestRunner.privateRun(TestRunner.java:757)
                        	at org.testng.TestRunner.run(TestRunner.java:608)
                        	at org.testng.SuiteRunner.runTest(SuiteRunner.java:334)
                        	at org.testng.SuiteRunner.runSequentially(SuiteRunner.java:329)
                        	at org.testng.SuiteRunner.privateRun(SuiteRunner.java:291)
                        	at org.testng.SuiteRunner.run(SuiteRunner.java:240)
                        	at org.testng.SuiteRunnerWorker.runSuite(SuiteRunnerWorker.java:52)
                        	at org.testng.SuiteRunnerWorker.run(SuiteRunnerWorker.java:86)
                        	at org.testng.TestNG.runSuitesSequentially(TestNG.java:1158)
                        	at org.testng.TestNG.runSuitesSequentially(TestNG.java:1154)
                        	at org.testng.TestNG.runSuitesLocally(TestNG.java:1083)
                        	at org.testng.TestNG.run(TestNG.java:999)
                        	at org.apache.maven.surefire.testng.TestNGExecutor.run(TestNGExecutor.java:178)
                        	at org.apache.maven.surefire.testng.TestNGXmlTestSuite.execute(TestNGXmlTestSuite.java:92)
                        	at org.apache.maven.surefire.testng.TestNGProvider.invoke(TestNGProvider.java:96)
                        	at sun.reflect.NativeMethodAccessorImpl.invoke0(Native Method)
                        	at sun.reflect.NativeMethodAccessorImpl.invoke(NativeMethodAccessorImpl.java:62)
                        	at sun.reflect.DelegatingMethodAccessorImpl.invoke(DelegatingMethodAccessorImpl.java:43)
                        	at java.lang.reflect.Method.invoke(Method.java:483)
                        	at org.apache.maven.surefire.util.ReflectionUtils.invokeMethodWithArray(ReflectionUtils.java:189)
                        	at org.apache.maven.surefire.booter.ProviderFactory$ProviderProxy.invoke(ProviderFactory.java:165)
                        	at org.apache.maven.surefire.booter.ProviderFactory.invokeProvider(ProviderFactory.java:85)
                        	at org.apache.maven.surefire.booter.ForkedBooter.runSuitesInProcess(ForkedBooter.java:115)
                        	at org.apache.maven.surefire.booter.ForkedBooter.main(ForkedBooter.java:75)
                     </pre>
                  </div>
               </td>
            </tr>
            <tr id="com.q2o.suiteCCW.Non_BehaviourDeal_non_behaviourDeal_byStatus_skiped_SKIP2_row"
                class="testMethodStatusSKIP">
               <td width="100%" class="firstMethodCell">
                  <a onclick="toggleDetailsVisibility('com.q2o.suiteCCW.Non_BehaviourDeal_non_behaviourDeal_byStatus_skiped_SKIP2_details')">non_behaviourDeal({Runmodes=N, userid=jgose, password=cisco123, Inteded Use=Resale})</a>
               </td>
               <td nowrap="true">15:52:16</td>
               <td nowrap="true" align="right">75 ms
                  
               </td>
               <td nowrap="true">
                  <a onclick="toggleDetailsVisibility('com.q2o.suiteCCW.Non_BehaviourDeal_non_behaviourDeal_byStatus_skiped_SKIP2_exception')">org.testng.SkipException: 
                     Skipping test :Non_BehaviourDeal - becuase  Run Mode of Either test Suite ,Test Case or Data are Set as No
                     
                  </a>
                   
                  
               </td>
            </tr>
            <tr>
               <td colspan="4" class="detailsBox">
                  <div id="com.q2o.suiteCCW.Non_BehaviourDeal_non_behaviourDeal_byStatus_skiped_SKIP2_details"
                       class="testMethodDetails">
                     <div>
                        <b>Name: </b>non_behaviourDeal
                     </div>
                     <div>
                        <b>Signature: </b>non_behaviourDeal(java.util.Hashtable)
                     </div>
                     <div>
                        <b>Parameters: </b>
                        
                        {Runmodes=N, userid=jgose, password=cisco123, Inteded Use=Resale}
                        
                        
                     </div>
                     <div>
                        <b>Start time: </b>15:52:16
                     </div>
                     <div>
                        <b>End time: </b>15:52:16
                     </div>
                     <div>
                        <b>Duration: </b>75 ms
                        
                     </div>
                  </div>
               </td>
            </tr>
            <tr>
               <td colspan="4" class="detailsBox">
                  <div id="com.q2o.suiteCCW.Non_BehaviourDeal_non_behaviourDeal_byStatus_skiped_SKIP2_exception"
                       class="testMethodDetails">
                     <pre style="padding: 5px; margin: 0;">org.testng.SkipException: Skipping test :Non_BehaviourDeal - becuase  Run Mode of Either test Suite ,Test Case or Data are
                        Set as No
                        	at com.q2o.base.TestBase.validateRunmodes(TestBase.java:30)
                        	at com.q2o.suiteCCW.Non_BehaviourDeal.non_behaviourDeal(Non_BehaviourDeal.java:15)
                        	at sun.reflect.NativeMethodAccessorImpl.invoke0(Native Method)
                        	at sun.reflect.NativeMethodAccessorImpl.invoke(NativeMethodAccessorImpl.java:62)
                        	at sun.reflect.DelegatingMethodAccessorImpl.invoke(DelegatingMethodAccessorImpl.java:43)
                        	at java.lang.reflect.Method.invoke(Method.java:483)
                        	at org.testng.internal.MethodInvocationHelper.invokeMethod(MethodInvocationHelper.java:80)
                        	at org.testng.internal.Invoker.invokeMethod(Invoker.java:673)
                        	at org.testng.internal.Invoker.invokeTestMethod(Invoker.java:842)
                        	at org.testng.internal.Invoker.invokeTestMethods(Invoker.java:1166)
                        	at org.testng.internal.TestMethodWorker.invokeTestMethods(TestMethodWorker.java:125)
                        	at org.testng.internal.TestMethodWorker.run(TestMethodWorker.java:109)
                        	at org.testng.TestRunner.runWorkers(TestRunner.java:1178)
                        	at org.testng.TestRunner.privateRun(TestRunner.java:757)
                        	at org.testng.TestRunner.run(TestRunner.java:608)
                        	at org.testng.SuiteRunner.runTest(SuiteRunner.java:334)
                        	at org.testng.SuiteRunner.runSequentially(SuiteRunner.java:329)
                        	at org.testng.SuiteRunner.privateRun(SuiteRunner.java:291)
                        	at org.testng.SuiteRunner.run(SuiteRunner.java:240)
                        	at org.testng.SuiteRunnerWorker.runSuite(SuiteRunnerWorker.java:52)
                        	at org.testng.SuiteRunnerWorker.run(SuiteRunnerWorker.java:86)
                        	at org.testng.TestNG.runSuitesSequentially(TestNG.java:1158)
                        	at org.testng.TestNG.runSuitesSequentially(TestNG.java:1154)
                        	at org.testng.TestNG.runSuitesLocally(TestNG.java:1083)
                        	at org.testng.TestNG.run(TestNG.java:999)
                        	at org.apache.maven.surefire.testng.TestNGExecutor.run(TestNGExecutor.java:178)
                        	at org.apache.maven.surefire.testng.TestNGXmlTestSuite.execute(TestNGXmlTestSuite.java:92)
                        	at org.apache.maven.surefire.testng.TestNGProvider.invoke(TestNGProvider.java:96)
                        	at sun.reflect.NativeMethodAccessorImpl.invoke0(Native Method)
                        	at sun.reflect.NativeMethodAccessorImpl.invoke(NativeMethodAccessorImpl.java:62)
                        	at sun.reflect.DelegatingMethodAccessorImpl.invoke(DelegatingMethodAccessorImpl.java:43)
                        	at java.lang.reflect.Method.invoke(Method.java:483)
                        	at org.apache.maven.surefire.util.ReflectionUtils.invokeMethodWithArray(ReflectionUtils.java:189)
                        	at org.apache.maven.surefire.booter.ProviderFactory$ProviderProxy.invoke(ProviderFactory.java:165)
                        	at org.apache.maven.surefire.booter.ProviderFactory.invokeProvider(ProviderFactory.java:85)
                        	at org.apache.maven.surefire.booter.ForkedBooter.runSuitesInProcess(ForkedBooter.java:115)
                        	at org.apache.maven.surefire.booter.ForkedBooter.main(ForkedBooter.java:75)
                     </pre>
                  </div>
               </td>
            </tr>
            <tr id="com.q2o.suiteCCW.LocalDeal_localDeal_byStatus_skiped_SKIP3_row"
                class="testMethodStatusSKIP">
               <td width="100%" class="firstMethodCell">
                  <a onclick="toggleDetailsVisibility('com.q2o.suiteCCW.LocalDeal_localDeal_byStatus_skiped_SKIP3_details')">localDeal({Runmodes=N, userid=emily-culp, password=cisco123})</a>
               </td>
               <td nowrap="true">15:52:16</td>
               <td nowrap="true" align="right">109 ms
                  
               </td>
               <td nowrap="true">
                  <a onclick="toggleDetailsVisibility('com.q2o.suiteCCW.LocalDeal_localDeal_byStatus_skiped_SKIP3_exception')">org.testng.SkipException: 
                     Skipping test :LocalDeal - becuase  Run Mode of Either test Suite ,Test Case or Data are Set as No
                     
                  </a>
                   
                  
               </td>
            </tr>
            <tr>
               <td colspan="4" class="detailsBox">
                  <div id="com.q2o.suiteCCW.LocalDeal_localDeal_byStatus_skiped_SKIP3_details"
                       class="testMethodDetails">
                     <div>
                        <b>Name: </b>localDeal
                     </div>
                     <div>
                        <b>Signature: </b>localDeal(java.util.Hashtable)
                     </div>
                     <div>
                        <b>Parameters: </b>
                        
                        {Runmodes=N, userid=emily-culp, password=cisco123}
                        
                        
                     </div>
                     <div>
                        <b>Start time: </b>15:52:16
                     </div>
                     <div>
                        <b>End time: </b>15:52:16
                     </div>
                     <div>
                        <b>Duration: </b>109 ms
                        
                     </div>
                  </div>
               </td>
            </tr>
            <tr>
               <td colspan="4" class="detailsBox">
                  <div id="com.q2o.suiteCCW.LocalDeal_localDeal_byStatus_skiped_SKIP3_exception"
                       class="testMethodDetails">
                     <pre style="padding: 5px; margin: 0;">org.testng.SkipException: Skipping test :LocalDeal - becuase  Run Mode of Either test Suite ,Test Case or Data are Set as
                        No
                        	at com.q2o.base.TestBase.validateRunmodes(TestBase.java:30)
                        	at com.q2o.suiteCCW.LocalDeal.localDeal(LocalDeal.java:19)
                        	at sun.reflect.NativeMethodAccessorImpl.invoke0(Native Method)
                        	at sun.reflect.NativeMethodAccessorImpl.invoke(NativeMethodAccessorImpl.java:62)
                        	at sun.reflect.DelegatingMethodAccessorImpl.invoke(DelegatingMethodAccessorImpl.java:43)
                        	at java.lang.reflect.Method.invoke(Method.java:483)
                        	at org.testng.internal.MethodInvocationHelper.invokeMethod(MethodInvocationHelper.java:80)
                        	at org.testng.internal.Invoker.invokeMethod(Invoker.java:673)
                        	at org.testng.internal.Invoker.invokeTestMethod(Invoker.java:842)
                        	at org.testng.internal.Invoker.invokeTestMethods(Invoker.java:1166)
                        	at org.testng.internal.TestMethodWorker.invokeTestMethods(TestMethodWorker.java:125)
                        	at org.testng.internal.TestMethodWorker.run(TestMethodWorker.java:109)
                        	at org.testng.TestRunner.runWorkers(TestRunner.java:1178)
                        	at org.testng.TestRunner.privateRun(TestRunner.java:757)
                        	at org.testng.TestRunner.run(TestRunner.java:608)
                        	at org.testng.SuiteRunner.runTest(SuiteRunner.java:334)
                        	at org.testng.SuiteRunner.runSequentially(SuiteRunner.java:329)
                        	at org.testng.SuiteRunner.privateRun(SuiteRunner.java:291)
                        	at org.testng.SuiteRunner.run(SuiteRunner.java:240)
                        	at org.testng.SuiteRunnerWorker.runSuite(SuiteRunnerWorker.java:52)
                        	at org.testng.SuiteRunnerWorker.run(SuiteRunnerWorker.java:86)
                        	at org.testng.TestNG.runSuitesSequentially(TestNG.java:1158)
                        	at org.testng.TestNG.runSuitesSequentially(TestNG.java:1154)
                        	at org.testng.TestNG.runSuitesLocally(TestNG.java:1083)
                        	at org.testng.TestNG.run(TestNG.java:999)
                        	at org.apache.maven.surefire.testng.TestNGExecutor.run(TestNGExecutor.java:178)
                        	at org.apache.maven.surefire.testng.TestNGXmlTestSuite.execute(TestNGXmlTestSuite.java:92)
                        	at org.apache.maven.surefire.testng.TestNGProvider.invoke(TestNGProvider.java:96)
                        	at sun.reflect.NativeMethodAccessorImpl.invoke0(Native Method)
                        	at sun.reflect.NativeMethodAccessorImpl.invoke(NativeMethodAccessorImpl.java:62)
                        	at sun.reflect.DelegatingMethodAccessorImpl.invoke(DelegatingMethodAccessorImpl.java:43)
                        	at java.lang.reflect.Method.invoke(Method.java:483)
                        	at org.apache.maven.surefire.util.ReflectionUtils.invokeMethodWithArray(ReflectionUtils.java:189)
                        	at org.apache.maven.surefire.booter.ProviderFactory$ProviderProxy.invoke(ProviderFactory.java:165)
                        	at org.apache.maven.surefire.booter.ProviderFactory.invokeProvider(ProviderFactory.java:85)
                        	at org.apache.maven.surefire.booter.ForkedBooter.runSuitesInProcess(ForkedBooter.java:115)
                        	at org.apache.maven.surefire.booter.ForkedBooter.main(ForkedBooter.java:75)
                     </pre>
                  </div>
               </td>
            </tr>
            <tr id="com.q2o.suiteCCW.LocalDeal_localDeal_byStatus_skiped_SKIP4_row"
                class="testMethodStatusSKIP">
               <td width="100%" class="firstMethodCell">
                  <a onclick="toggleDetailsVisibility('com.q2o.suiteCCW.LocalDeal_localDeal_byStatus_skiped_SKIP4_details')">localDeal({Runmodes=N, userid=jgose, password=cisco123})</a>
               </td>
               <td nowrap="true">15:52:16</td>
               <td nowrap="true" align="right">86 ms
                  
               </td>
               <td nowrap="true">
                  <a onclick="toggleDetailsVisibility('com.q2o.suiteCCW.LocalDeal_localDeal_byStatus_skiped_SKIP4_exception')">org.testng.SkipException: 
                     Skipping test :LocalDeal - becuase  Run Mode of Either test Suite ,Test Case or Data are Set as No
                     
                  </a>
                   
                  
               </td>
            </tr>
            <tr>
               <td colspan="4" class="detailsBox">
                  <div id="com.q2o.suiteCCW.LocalDeal_localDeal_byStatus_skiped_SKIP4_details"
                       class="testMethodDetails">
                     <div>
                        <b>Name: </b>localDeal
                     </div>
                     <div>
                        <b>Signature: </b>localDeal(java.util.Hashtable)
                     </div>
                     <div>
                        <b>Parameters: </b>
                        
                        {Runmodes=N, userid=jgose, password=cisco123}
                        
                        
                     </div>
                     <div>
                        <b>Start time: </b>15:52:16
                     </div>
                     <div>
                        <b>End time: </b>15:52:16
                     </div>
                     <div>
                        <b>Duration: </b>86 ms
                        
                     </div>
                  </div>
               </td>
            </tr>
            <tr>
               <td colspan="4" class="detailsBox">
                  <div id="com.q2o.suiteCCW.LocalDeal_localDeal_byStatus_skiped_SKIP4_exception"
                       class="testMethodDetails">
                     <pre style="padding: 5px; margin: 0;">org.testng.SkipException: Skipping test :LocalDeal - becuase  Run Mode of Either test Suite ,Test Case or Data are Set as
                        No
                        	at com.q2o.base.TestBase.validateRunmodes(TestBase.java:30)
                        	at com.q2o.suiteCCW.LocalDeal.localDeal(LocalDeal.java:19)
                        	at sun.reflect.NativeMethodAccessorImpl.invoke0(Native Method)
                        	at sun.reflect.NativeMethodAccessorImpl.invoke(NativeMethodAccessorImpl.java:62)
                        	at sun.reflect.DelegatingMethodAccessorImpl.invoke(DelegatingMethodAccessorImpl.java:43)
                        	at java.lang.reflect.Method.invoke(Method.java:483)
                        	at org.testng.internal.MethodInvocationHelper.invokeMethod(MethodInvocationHelper.java:80)
                        	at org.testng.internal.Invoker.invokeMethod(Invoker.java:673)
                        	at org.testng.internal.Invoker.invokeTestMethod(Invoker.java:842)
                        	at org.testng.internal.Invoker.invokeTestMethods(Invoker.java:1166)
                        	at org.testng.internal.TestMethodWorker.invokeTestMethods(TestMethodWorker.java:125)
                        	at org.testng.internal.TestMethodWorker.run(TestMethodWorker.java:109)
                        	at org.testng.TestRunner.runWorkers(TestRunner.java:1178)
                        	at org.testng.TestRunner.privateRun(TestRunner.java:757)
                        	at org.testng.TestRunner.run(TestRunner.java:608)
                        	at org.testng.SuiteRunner.runTest(SuiteRunner.java:334)
                        	at org.testng.SuiteRunner.runSequentially(SuiteRunner.java:329)
                        	at org.testng.SuiteRunner.privateRun(SuiteRunner.java:291)
                        	at org.testng.SuiteRunner.run(SuiteRunner.java:240)
                        	at org.testng.SuiteRunnerWorker.runSuite(SuiteRunnerWorker.java:52)
                        	at org.testng.SuiteRunnerWorker.run(SuiteRunnerWorker.java:86)
                        	at org.testng.TestNG.runSuitesSequentially(TestNG.java:1158)
                        	at org.testng.TestNG.runSuitesSequentially(TestNG.java:1154)
                        	at org.testng.TestNG.runSuitesLocally(TestNG.java:1083)
                        	at org.testng.TestNG.run(TestNG.java:999)
                        	at org.apache.maven.surefire.testng.TestNGExecutor.run(TestNGExecutor.java:178)
                        	at org.apache.maven.surefire.testng.TestNGXmlTestSuite.execute(TestNGXmlTestSuite.java:92)
                        	at org.apache.maven.surefire.testng.TestNGProvider.invoke(TestNGProvider.java:96)
                        	at sun.reflect.NativeMethodAccessorImpl.invoke0(Native Method)
                        	at sun.reflect.NativeMethodAccessorImpl.invoke(NativeMethodAccessorImpl.java:62)
                        	at sun.reflect.DelegatingMethodAccessorImpl.invoke(DelegatingMethodAccessorImpl.java:43)
                        	at java.lang.reflect.Method.invoke(Method.java:483)
                        	at org.apache.maven.surefire.util.ReflectionUtils.invokeMethodWithArray(ReflectionUtils.java:189)
                        	at org.apache.maven.surefire.booter.ProviderFactory$ProviderProxy.invoke(ProviderFactory.java:165)
                        	at org.apache.maven.surefire.booter.ProviderFactory.invokeProvider(ProviderFactory.java:85)
                        	at org.apache.maven.surefire.booter.ForkedBooter.runSuitesInProcess(ForkedBooter.java:115)
                        	at org.apache.maven.surefire.booter.ForkedBooter.main(ForkedBooter.java:75)
                     </pre>
                  </div>
               </td>
            </tr>
            <tr id="com.q2o.suiteCCW.GlobalDeal_globalDeal_byStatus_skiped_SKIP5_row"
                class="testMethodStatusSKIP">
               <td width="100%" class="firstMethodCell">
                  <a onclick="toggleDetailsVisibility('com.q2o.suiteCCW.GlobalDeal_globalDeal_byStatus_skiped_SKIP5_details')">globalDeal({Runmodes=N, userid=emily-culp, password=cisco123})</a>
               </td>
               <td nowrap="true">15:52:15</td>
               <td nowrap="true" align="right">99 ms
                  
               </td>
               <td nowrap="true">
                  <a onclick="toggleDetailsVisibility('com.q2o.suiteCCW.GlobalDeal_globalDeal_byStatus_skiped_SKIP5_exception')">org.testng.SkipException: 
                     Skipping test :GlobalDeal - becuase  Run Mode of Either test Suite ,Test Case or Data are Set as No
                     
                  </a>
                   
                  
               </td>
            </tr>
            <tr>
               <td colspan="4" class="detailsBox">
                  <div id="com.q2o.suiteCCW.GlobalDeal_globalDeal_byStatus_skiped_SKIP5_details"
                       class="testMethodDetails">
                     <div>
                        <b>Name: </b>globalDeal
                     </div>
                     <div>
                        <b>Signature: </b>globalDeal(java.util.Hashtable)
                     </div>
                     <div>
                        <b>Parameters: </b>
                        
                        {Runmodes=N, userid=emily-culp, password=cisco123}
                        
                        
                     </div>
                     <div>
                        <b>Start time: </b>15:52:15
                     </div>
                     <div>
                        <b>End time: </b>15:52:15
                     </div>
                     <div>
                        <b>Duration: </b>99 ms
                        
                     </div>
                  </div>
               </td>
            </tr>
            <tr>
               <td colspan="4" class="detailsBox">
                  <div id="com.q2o.suiteCCW.GlobalDeal_globalDeal_byStatus_skiped_SKIP5_exception"
                       class="testMethodDetails">
                     <pre style="padding: 5px; margin: 0;">org.testng.SkipException: Skipping test :GlobalDeal - becuase  Run Mode of Either test Suite ,Test Case or Data are Set as
                        No
                        	at com.q2o.base.TestBase.validateRunmodes(TestBase.java:30)
                        	at com.q2o.suiteCCW.GlobalDeal.globalDeal(GlobalDeal.java:14)
                        	at sun.reflect.NativeMethodAccessorImpl.invoke0(Native Method)
                        	at sun.reflect.NativeMethodAccessorImpl.invoke(NativeMethodAccessorImpl.java:62)
                        	at sun.reflect.DelegatingMethodAccessorImpl.invoke(DelegatingMethodAccessorImpl.java:43)
                        	at java.lang.reflect.Method.invoke(Method.java:483)
                        	at org.testng.internal.MethodInvocationHelper.invokeMethod(MethodInvocationHelper.java:80)
                        	at org.testng.internal.Invoker.invokeMethod(Invoker.java:673)
                        	at org.testng.internal.Invoker.invokeTestMethod(Invoker.java:842)
                        	at org.testng.internal.Invoker.invokeTestMethods(Invoker.java:1166)
                        	at org.testng.internal.TestMethodWorker.invokeTestMethods(TestMethodWorker.java:125)
                        	at org.testng.internal.TestMethodWorker.run(TestMethodWorker.java:109)
                        	at org.testng.TestRunner.runWorkers(TestRunner.java:1178)
                        	at org.testng.TestRunner.privateRun(TestRunner.java:757)
                        	at org.testng.TestRunner.run(TestRunner.java:608)
                        	at org.testng.SuiteRunner.runTest(SuiteRunner.java:334)
                        	at org.testng.SuiteRunner.runSequentially(SuiteRunner.java:329)
                        	at org.testng.SuiteRunner.privateRun(SuiteRunner.java:291)
                        	at org.testng.SuiteRunner.run(SuiteRunner.java:240)
                        	at org.testng.SuiteRunnerWorker.runSuite(SuiteRunnerWorker.java:52)
                        	at org.testng.SuiteRunnerWorker.run(SuiteRunnerWorker.java:86)
                        	at org.testng.TestNG.runSuitesSequentially(TestNG.java:1158)
                        	at org.testng.TestNG.runSuitesSequentially(TestNG.java:1154)
                        	at org.testng.TestNG.runSuitesLocally(TestNG.java:1083)
                        	at org.testng.TestNG.run(TestNG.java:999)
                        	at org.apache.maven.surefire.testng.TestNGExecutor.run(TestNGExecutor.java:178)
                        	at org.apache.maven.surefire.testng.TestNGXmlTestSuite.execute(TestNGXmlTestSuite.java:92)
                        	at org.apache.maven.surefire.testng.TestNGProvider.invoke(TestNGProvider.java:96)
                        	at sun.reflect.NativeMethodAccessorImpl.invoke0(Native Method)
                        	at sun.reflect.NativeMethodAccessorImpl.invoke(NativeMethodAccessorImpl.java:62)
                        	at sun.reflect.DelegatingMethodAccessorImpl.invoke(DelegatingMethodAccessorImpl.java:43)
                        	at java.lang.reflect.Method.invoke(Method.java:483)
                        	at org.apache.maven.surefire.util.ReflectionUtils.invokeMethodWithArray(ReflectionUtils.java:189)
                        	at org.apache.maven.surefire.booter.ProviderFactory$ProviderProxy.invoke(ProviderFactory.java:165)
                        	at org.apache.maven.surefire.booter.ProviderFactory.invokeProvider(ProviderFactory.java:85)
                        	at org.apache.maven.surefire.booter.ForkedBooter.runSuitesInProcess(ForkedBooter.java:115)
                        	at org.apache.maven.surefire.booter.ForkedBooter.main(ForkedBooter.java:75)
                     </pre>
                  </div>
               </td>
            </tr>
            <tr id="com.q2o.suiteCCW.GlobalDeal_globalDeal_byStatus_skiped_SKIP6_row"
                class="testMethodStatusSKIP">
               <td width="100%" class="firstMethodCell">
                  <a onclick="toggleDetailsVisibility('com.q2o.suiteCCW.GlobalDeal_globalDeal_byStatus_skiped_SKIP6_details')">globalDeal({Runmodes=N, userid=imdisti, password=cisco123})</a>
               </td>
               <td nowrap="true">15:52:15</td>
               <td nowrap="true" align="right">107 ms
                  
               </td>
               <td nowrap="true">
                  <a onclick="toggleDetailsVisibility('com.q2o.suiteCCW.GlobalDeal_globalDeal_byStatus_skiped_SKIP6_exception')">org.testng.SkipException: 
                     Skipping test :GlobalDeal - becuase  Run Mode of Either test Suite ,Test Case or Data are Set as No
                     
                  </a>
                   
                  
               </td>
            </tr>
            <tr>
               <td colspan="4" class="detailsBox">
                  <div id="com.q2o.suiteCCW.GlobalDeal_globalDeal_byStatus_skiped_SKIP6_details"
                       class="testMethodDetails">
                     <div>
                        <b>Name: </b>globalDeal
                     </div>
                     <div>
                        <b>Signature: </b>globalDeal(java.util.Hashtable)
                     </div>
                     <div>
                        <b>Parameters: </b>
                        
                        {Runmodes=N, userid=imdisti, password=cisco123}
                        
                        
                     </div>
                     <div>
                        <b>Start time: </b>15:52:15
                     </div>
                     <div>
                        <b>End time: </b>15:52:15
                     </div>
                     <div>
                        <b>Duration: </b>107 ms
                        
                     </div>
                  </div>
               </td>
            </tr>
            <tr>
               <td colspan="4" class="detailsBox">
                  <div id="com.q2o.suiteCCW.GlobalDeal_globalDeal_byStatus_skiped_SKIP6_exception"
                       class="testMethodDetails">
                     <pre style="padding: 5px; margin: 0;">org.testng.SkipException: Skipping test :GlobalDeal - becuase  Run Mode of Either test Suite ,Test Case or Data are Set as
                        No
                        	at com.q2o.base.TestBase.validateRunmodes(TestBase.java:30)
                        	at com.q2o.suiteCCW.GlobalDeal.globalDeal(GlobalDeal.java:14)
                        	at sun.reflect.NativeMethodAccessorImpl.invoke0(Native Method)
                        	at sun.reflect.NativeMethodAccessorImpl.invoke(NativeMethodAccessorImpl.java:62)
                        	at sun.reflect.DelegatingMethodAccessorImpl.invoke(DelegatingMethodAccessorImpl.java:43)
                        	at java.lang.reflect.Method.invoke(Method.java:483)
                        	at org.testng.internal.MethodInvocationHelper.invokeMethod(MethodInvocationHelper.java:80)
                        	at org.testng.internal.Invoker.invokeMethod(Invoker.java:673)
                        	at org.testng.internal.Invoker.invokeTestMethod(Invoker.java:842)
                        	at org.testng.internal.Invoker.invokeTestMethods(Invoker.java:1166)
                        	at org.testng.internal.TestMethodWorker.invokeTestMethods(TestMethodWorker.java:125)
                        	at org.testng.internal.TestMethodWorker.run(TestMethodWorker.java:109)
                        	at org.testng.TestRunner.runWorkers(TestRunner.java:1178)
                        	at org.testng.TestRunner.privateRun(TestRunner.java:757)
                        	at org.testng.TestRunner.run(TestRunner.java:608)
                        	at org.testng.SuiteRunner.runTest(SuiteRunner.java:334)
                        	at org.testng.SuiteRunner.runSequentially(SuiteRunner.java:329)
                        	at org.testng.SuiteRunner.privateRun(SuiteRunner.java:291)
                        	at org.testng.SuiteRunner.run(SuiteRunner.java:240)
                        	at org.testng.SuiteRunnerWorker.runSuite(SuiteRunnerWorker.java:52)
                        	at org.testng.SuiteRunnerWorker.run(SuiteRunnerWorker.java:86)
                        	at org.testng.TestNG.runSuitesSequentially(TestNG.java:1158)
                        	at org.testng.TestNG.runSuitesSequentially(TestNG.java:1154)
                        	at org.testng.TestNG.runSuitesLocally(TestNG.java:1083)
                        	at org.testng.TestNG.run(TestNG.java:999)
                        	at org.apache.maven.surefire.testng.TestNGExecutor.run(TestNGExecutor.java:178)
                        	at org.apache.maven.surefire.testng.TestNGXmlTestSuite.execute(TestNGXmlTestSuite.java:92)
                        	at org.apache.maven.surefire.testng.TestNGProvider.invoke(TestNGProvider.java:96)
                        	at sun.reflect.NativeMethodAccessorImpl.invoke0(Native Method)
                        	at sun.reflect.NativeMethodAccessorImpl.invoke(NativeMethodAccessorImpl.java:62)
                        	at sun.reflect.DelegatingMethodAccessorImpl.invoke(DelegatingMethodAccessorImpl.java:43)
                        	at java.lang.reflect.Method.invoke(Method.java:483)
                        	at org.apache.maven.surefire.util.ReflectionUtils.invokeMethodWithArray(ReflectionUtils.java:189)
                        	at org.apache.maven.surefire.booter.ProviderFactory$ProviderProxy.invoke(ProviderFactory.java:165)
                        	at org.apache.maven.surefire.booter.ProviderFactory.invokeProvider(ProviderFactory.java:85)
                        	at org.apache.maven.surefire.booter.ForkedBooter.runSuitesInProcess(ForkedBooter.java:115)
                        	at org.apache.maven.surefire.booter.ForkedBooter.main(ForkedBooter.java:75)
                     </pre>
                  </div>
               </td>
            </tr>
         </table>
      </div>
      <div id="testMethodsByClass" style="display: none;">
         <table class="testMethodsTable" cellpadding="0" cellspacing="0">
            <tr>
               <td colspan="4">
                  <h3 style="display: inline;">com.q2o.suiteCCW.BehaviourDeal</h3>
               </td>
            </tr>
            <tr class="methodsTableHeader">
               <td width="100%">Name</td>
               <td nowrap="true">Started</td>
               <td nowrap="true">Duration</td>
               <td>Exception</td>
            </tr>
            <tr id="com.q2o.suiteCCW.BehaviourDeal_behaviourDeal_byClass_PASS1_row"
                class="testMethodStatusPASS">
               <td width="100%" class="firstMethodCell">
                  <a onclick="toggleDetailsVisibility('com.q2o.suiteCCW.BehaviourDeal_behaviourDeal_byClass_PASS1_details')">behaviourDeal({Runmodes=Y, userid=emily-culp, password=cisco123})</a>
               </td>
               <td nowrap="true">15:52:15</td>
               <td nowrap="true" align="right">174 ms
                  
               </td>
               <td nowrap="true">
                   
                  
               </td>
            </tr>
            <tr>
               <td colspan="4" class="detailsBox">
                  <div id="com.q2o.suiteCCW.BehaviourDeal_behaviourDeal_byClass_PASS1_details"
                       class="testMethodDetails">
                     <div>
                        <b>Name: </b>behaviourDeal
                     </div>
                     <div>
                        <b>Signature: </b>behaviourDeal(java.util.Hashtable)
                     </div>
                     <div>
                        <b>Parameters: </b>
                        
                        {Runmodes=Y, userid=emily-culp, password=cisco123}
                        
                        
                     </div>
                     <div>
                        <b>Start time: </b>15:52:15
                     </div>
                     <div>
                        <b>End time: </b>15:52:15
                     </div>
                     <div>
                        <b>Duration: </b>174 ms
                        
                     </div>
                  </div>
               </td>
            </tr>
            <tr></tr>
            <tr id="com.q2o.suiteCCW.BehaviourDeal_behaviourDeal_byClass_PASS2_row"
                class="testMethodStatusPASS">
               <td width="100%" class="firstMethodCell">
                  <a onclick="toggleDetailsVisibility('com.q2o.suiteCCW.BehaviourDeal_behaviourDeal_byClass_PASS2_details')">behaviourDeal({Runmodes=Y, userid=jgose, password=cisco123})</a>
               </td>
               <td nowrap="true">15:52:15</td>
               <td nowrap="true" align="right">141 ms
                  
               </td>
               <td nowrap="true">
                   
                  
               </td>
            </tr>
            <tr>
               <td colspan="4" class="detailsBox">
                  <div id="com.q2o.suiteCCW.BehaviourDeal_behaviourDeal_byClass_PASS2_details"
                       class="testMethodDetails">
                     <div>
                        <b>Name: </b>behaviourDeal
                     </div>
                     <div>
                        <b>Signature: </b>behaviourDeal(java.util.Hashtable)
                     </div>
                     <div>
                        <b>Parameters: </b>
                        
                        {Runmodes=Y, userid=jgose, password=cisco123}
                        
                        
                     </div>
                     <div>
                        <b>Start time: </b>15:52:15
                     </div>
                     <div>
                        <b>End time: </b>15:52:15
                     </div>
                     <div>
                        <b>Duration: </b>141 ms
                        
                     </div>
                  </div>
               </td>
            </tr>
            <tr></tr>
         </table>
         <br></br>
         <table class="testMethodsTable" cellpadding="0" cellspacing="0">
            <tr>
               <td colspan="4">
                  <h3 style="display: inline;">com.q2o.suiteCCW.GlobalDeal</h3>
               </td>
            </tr>
            <tr class="methodsTableHeader">
               <td width="100%">Name</td>
               <td nowrap="true">Started</td>
               <td nowrap="true">Duration</td>
               <td>Exception</td>
            </tr>
            <tr id="com.q2o.suiteCCW.GlobalDeal_globalDeal_byClass_SKIP1_row"
                class="testMethodStatusSKIP">
               <td width="100%" class="firstMethodCell">
                  <a onclick="toggleDetailsVisibility('com.q2o.suiteCCW.GlobalDeal_globalDeal_byClass_SKIP1_details')">globalDeal({Runmodes=N, userid=emily-culp, password=cisco123})</a>
               </td>
               <td nowrap="true">15:52:15</td>
               <td nowrap="true" align="right">99 ms
                  
               </td>
               <td nowrap="true">
                  <a onclick="toggleDetailsVisibility('com.q2o.suiteCCW.GlobalDeal_globalDeal_byClass_SKIP1_exception')">org.testng.SkipException: 
                     Skipping test :GlobalDeal - becuase  Run Mode of Either test Suite ,Test Case or Data are Set as No
                     
                  </a>
                   
                  
               </td>
            </tr>
            <tr>
               <td colspan="4" class="detailsBox">
                  <div id="com.q2o.suiteCCW.GlobalDeal_globalDeal_byClass_SKIP1_details"
                       class="testMethodDetails">
                     <div>
                        <b>Name: </b>globalDeal
                     </div>
                     <div>
                        <b>Signature: </b>globalDeal(java.util.Hashtable)
                     </div>
                     <div>
                        <b>Parameters: </b>
                        
                        {Runmodes=N, userid=emily-culp, password=cisco123}
                        
                        
                     </div>
                     <div>
                        <b>Start time: </b>15:52:15
                     </div>
                     <div>
                        <b>End time: </b>15:52:15
                     </div>
                     <div>
                        <b>Duration: </b>99 ms
                        
                     </div>
                  </div>
               </td>
            </tr>
            <tr>
               <td colspan="4" class="detailsBox">
                  <div id="com.q2o.suiteCCW.GlobalDeal_globalDeal_byClass_SKIP1_exception"
                       class="testMethodDetails">
                     <pre style="padding: 5px; margin: 0;">org.testng.SkipException: Skipping test :GlobalDeal - becuase  Run Mode of Either test Suite ,Test Case or Data are Set as
                        No
                        	at com.q2o.base.TestBase.validateRunmodes(TestBase.java:30)
                        	at com.q2o.suiteCCW.GlobalDeal.globalDeal(GlobalDeal.java:14)
                        	at sun.reflect.NativeMethodAccessorImpl.invoke0(Native Method)
                        	at sun.reflect.NativeMethodAccessorImpl.invoke(NativeMethodAccessorImpl.java:62)
                        	at sun.reflect.DelegatingMethodAccessorImpl.invoke(DelegatingMethodAccessorImpl.java:43)
                        	at java.lang.reflect.Method.invoke(Method.java:483)
                        	at org.testng.internal.MethodInvocationHelper.invokeMethod(MethodInvocationHelper.java:80)
                        	at org.testng.internal.Invoker.invokeMethod(Invoker.java:673)
                        	at org.testng.internal.Invoker.invokeTestMethod(Invoker.java:842)
                        	at org.testng.internal.Invoker.invokeTestMethods(Invoker.java:1166)
                        	at org.testng.internal.TestMethodWorker.invokeTestMethods(TestMethodWorker.java:125)
                        	at org.testng.internal.TestMethodWorker.run(TestMethodWorker.java:109)
                        	at org.testng.TestRunner.runWorkers(TestRunner.java:1178)
                        	at org.testng.TestRunner.privateRun(TestRunner.java:757)
                        	at org.testng.TestRunner.run(TestRunner.java:608)
                        	at org.testng.SuiteRunner.runTest(SuiteRunner.java:334)
                        	at org.testng.SuiteRunner.runSequentially(SuiteRunner.java:329)
                        	at org.testng.SuiteRunner.privateRun(SuiteRunner.java:291)
                        	at org.testng.SuiteRunner.run(SuiteRunner.java:240)
                        	at org.testng.SuiteRunnerWorker.runSuite(SuiteRunnerWorker.java:52)
                        	at org.testng.SuiteRunnerWorker.run(SuiteRunnerWorker.java:86)
                        	at org.testng.TestNG.runSuitesSequentially(TestNG.java:1158)
                        	at org.testng.TestNG.runSuitesSequentially(TestNG.java:1154)
                        	at org.testng.TestNG.runSuitesLocally(TestNG.java:1083)
                        	at org.testng.TestNG.run(TestNG.java:999)
                        	at org.apache.maven.surefire.testng.TestNGExecutor.run(TestNGExecutor.java:178)
                        	at org.apache.maven.surefire.testng.TestNGXmlTestSuite.execute(TestNGXmlTestSuite.java:92)
                        	at org.apache.maven.surefire.testng.TestNGProvider.invoke(TestNGProvider.java:96)
                        	at sun.reflect.NativeMethodAccessorImpl.invoke0(Native Method)
                        	at sun.reflect.NativeMethodAccessorImpl.invoke(NativeMethodAccessorImpl.java:62)
                        	at sun.reflect.DelegatingMethodAccessorImpl.invoke(DelegatingMethodAccessorImpl.java:43)
                        	at java.lang.reflect.Method.invoke(Method.java:483)
                        	at org.apache.maven.surefire.util.ReflectionUtils.invokeMethodWithArray(ReflectionUtils.java:189)
                        	at org.apache.maven.surefire.booter.ProviderFactory$ProviderProxy.invoke(ProviderFactory.java:165)
                        	at org.apache.maven.surefire.booter.ProviderFactory.invokeProvider(ProviderFactory.java:85)
                        	at org.apache.maven.surefire.booter.ForkedBooter.runSuitesInProcess(ForkedBooter.java:115)
                        	at org.apache.maven.surefire.booter.ForkedBooter.main(ForkedBooter.java:75)
                     </pre>
                  </div>
               </td>
            </tr>
            <tr id="com.q2o.suiteCCW.GlobalDeal_globalDeal_byClass_SKIP2_row"
                class="testMethodStatusSKIP">
               <td width="100%" class="firstMethodCell">
                  <a onclick="toggleDetailsVisibility('com.q2o.suiteCCW.GlobalDeal_globalDeal_byClass_SKIP2_details')">globalDeal({Runmodes=N, userid=imdisti, password=cisco123})</a>
               </td>
               <td nowrap="true">15:52:15</td>
               <td nowrap="true" align="right">107 ms
                  
               </td>
               <td nowrap="true">
                  <a onclick="toggleDetailsVisibility('com.q2o.suiteCCW.GlobalDeal_globalDeal_byClass_SKIP2_exception')">org.testng.SkipException: 
                     Skipping test :GlobalDeal - becuase  Run Mode of Either test Suite ,Test Case or Data are Set as No
                     
                  </a>
                   
                  
               </td>
            </tr>
            <tr>
               <td colspan="4" class="detailsBox">
                  <div id="com.q2o.suiteCCW.GlobalDeal_globalDeal_byClass_SKIP2_details"
                       class="testMethodDetails">
                     <div>
                        <b>Name: </b>globalDeal
                     </div>
                     <div>
                        <b>Signature: </b>globalDeal(java.util.Hashtable)
                     </div>
                     <div>
                        <b>Parameters: </b>
                        
                        {Runmodes=N, userid=imdisti, password=cisco123}
                        
                        
                     </div>
                     <div>
                        <b>Start time: </b>15:52:15
                     </div>
                     <div>
                        <b>End time: </b>15:52:15
                     </div>
                     <div>
                        <b>Duration: </b>107 ms
                        
                     </div>
                  </div>
               </td>
            </tr>
            <tr>
               <td colspan="4" class="detailsBox">
                  <div id="com.q2o.suiteCCW.GlobalDeal_globalDeal_byClass_SKIP2_exception"
                       class="testMethodDetails">
                     <pre style="padding: 5px; margin: 0;">org.testng.SkipException: Skipping test :GlobalDeal - becuase  Run Mode of Either test Suite ,Test Case or Data are Set as
                        No
                        	at com.q2o.base.TestBase.validateRunmodes(TestBase.java:30)
                        	at com.q2o.suiteCCW.GlobalDeal.globalDeal(GlobalDeal.java:14)
                        	at sun.reflect.NativeMethodAccessorImpl.invoke0(Native Method)
                        	at sun.reflect.NativeMethodAccessorImpl.invoke(NativeMethodAccessorImpl.java:62)
                        	at sun.reflect.DelegatingMethodAccessorImpl.invoke(DelegatingMethodAccessorImpl.java:43)
                        	at java.lang.reflect.Method.invoke(Method.java:483)
                        	at org.testng.internal.MethodInvocationHelper.invokeMethod(MethodInvocationHelper.java:80)
                        	at org.testng.internal.Invoker.invokeMethod(Invoker.java:673)
                        	at org.testng.internal.Invoker.invokeTestMethod(Invoker.java:842)
                        	at org.testng.internal.Invoker.invokeTestMethods(Invoker.java:1166)
                        	at org.testng.internal.TestMethodWorker.invokeTestMethods(TestMethodWorker.java:125)
                        	at org.testng.internal.TestMethodWorker.run(TestMethodWorker.java:109)
                        	at org.testng.TestRunner.runWorkers(TestRunner.java:1178)
                        	at org.testng.TestRunner.privateRun(TestRunner.java:757)
                        	at org.testng.TestRunner.run(TestRunner.java:608)
                        	at org.testng.SuiteRunner.runTest(SuiteRunner.java:334)
                        	at org.testng.SuiteRunner.runSequentially(SuiteRunner.java:329)
                        	at org.testng.SuiteRunner.privateRun(SuiteRunner.java:291)
                        	at org.testng.SuiteRunner.run(SuiteRunner.java:240)
                        	at org.testng.SuiteRunnerWorker.runSuite(SuiteRunnerWorker.java:52)
                        	at org.testng.SuiteRunnerWorker.run(SuiteRunnerWorker.java:86)
                        	at org.testng.TestNG.runSuitesSequentially(TestNG.java:1158)
                        	at org.testng.TestNG.runSuitesSequentially(TestNG.java:1154)
                        	at org.testng.TestNG.runSuitesLocally(TestNG.java:1083)
                        	at org.testng.TestNG.run(TestNG.java:999)
                        	at org.apache.maven.surefire.testng.TestNGExecutor.run(TestNGExecutor.java:178)
                        	at org.apache.maven.surefire.testng.TestNGXmlTestSuite.execute(TestNGXmlTestSuite.java:92)
                        	at org.apache.maven.surefire.testng.TestNGProvider.invoke(TestNGProvider.java:96)
                        	at sun.reflect.NativeMethodAccessorImpl.invoke0(Native Method)
                        	at sun.reflect.NativeMethodAccessorImpl.invoke(NativeMethodAccessorImpl.java:62)
                        	at sun.reflect.DelegatingMethodAccessorImpl.invoke(DelegatingMethodAccessorImpl.java:43)
                        	at java.lang.reflect.Method.invoke(Method.java:483)
                        	at org.apache.maven.surefire.util.ReflectionUtils.invokeMethodWithArray(ReflectionUtils.java:189)
                        	at org.apache.maven.surefire.booter.ProviderFactory$ProviderProxy.invoke(ProviderFactory.java:165)
                        	at org.apache.maven.surefire.booter.ProviderFactory.invokeProvider(ProviderFactory.java:85)
                        	at org.apache.maven.surefire.booter.ForkedBooter.runSuitesInProcess(ForkedBooter.java:115)
                        	at org.apache.maven.surefire.booter.ForkedBooter.main(ForkedBooter.java:75)
                     </pre>
                  </div>
               </td>
            </tr>
            <tr id="com.q2o.suiteCCW.GlobalDeal_globalDeal_byClass_PASS3_row"
                class="testMethodStatusPASS">
               <td width="100%" class="firstMethodCell">
                  <a onclick="toggleDetailsVisibility('com.q2o.suiteCCW.GlobalDeal_globalDeal_byClass_PASS3_details')">globalDeal({Runmodes=Y, userid=jgose, password=cisco123})</a>
               </td>
               <td nowrap="true">15:52:15</td>
               <td nowrap="true" align="right">102 ms
                  
               </td>
               <td nowrap="true">
                   
                  
               </td>
            </tr>
            <tr>
               <td colspan="4" class="detailsBox">
                  <div id="com.q2o.suiteCCW.GlobalDeal_globalDeal_byClass_PASS3_details"
                       class="testMethodDetails">
                     <div>
                        <b>Name: </b>globalDeal
                     </div>
                     <div>
                        <b>Signature: </b>globalDeal(java.util.Hashtable)
                     </div>
                     <div>
                        <b>Parameters: </b>
                        
                        {Runmodes=Y, userid=jgose, password=cisco123}
                        
                        
                     </div>
                     <div>
                        <b>Start time: </b>15:52:15
                     </div>
                     <div>
                        <b>End time: </b>15:52:15
                     </div>
                     <div>
                        <b>Duration: </b>102 ms
                        
                     </div>
                  </div>
               </td>
            </tr>
            <tr></tr>
         </table>
         <br></br>
         <table class="testMethodsTable" cellpadding="0" cellspacing="0">
            <tr>
               <td colspan="4">
                  <h3 style="display: inline;">com.q2o.suiteCCW.LocalDeal</h3>
               </td>
            </tr>
            <tr class="methodsTableHeader">
               <td width="100%">Name</td>
               <td nowrap="true">Started</td>
               <td nowrap="true">Duration</td>
               <td>Exception</td>
            </tr>
            <tr id="com.q2o.suiteCCW.LocalDeal_localDeal_byClass_SKIP1_row"
                class="testMethodStatusSKIP">
               <td width="100%" class="firstMethodCell">
                  <a onclick="toggleDetailsVisibility('com.q2o.suiteCCW.LocalDeal_localDeal_byClass_SKIP1_details')">localDeal({Runmodes=N, userid=emily-culp, password=cisco123})</a>
               </td>
               <td nowrap="true">15:52:16</td>
               <td nowrap="true" align="right">109 ms
                  
               </td>
               <td nowrap="true">
                  <a onclick="toggleDetailsVisibility('com.q2o.suiteCCW.LocalDeal_localDeal_byClass_SKIP1_exception')">org.testng.SkipException: 
                     Skipping test :LocalDeal - becuase  Run Mode of Either test Suite ,Test Case or Data are Set as No
                     
                  </a>
                   
                  
               </td>
            </tr>
            <tr>
               <td colspan="4" class="detailsBox">
                  <div id="com.q2o.suiteCCW.LocalDeal_localDeal_byClass_SKIP1_details"
                       class="testMethodDetails">
                     <div>
                        <b>Name: </b>localDeal
                     </div>
                     <div>
                        <b>Signature: </b>localDeal(java.util.Hashtable)
                     </div>
                     <div>
                        <b>Parameters: </b>
                        
                        {Runmodes=N, userid=emily-culp, password=cisco123}
                        
                        
                     </div>
                     <div>
                        <b>Start time: </b>15:52:16
                     </div>
                     <div>
                        <b>End time: </b>15:52:16
                     </div>
                     <div>
                        <b>Duration: </b>109 ms
                        
                     </div>
                  </div>
               </td>
            </tr>
            <tr>
               <td colspan="4" class="detailsBox">
                  <div id="com.q2o.suiteCCW.LocalDeal_localDeal_byClass_SKIP1_exception"
                       class="testMethodDetails">
                     <pre style="padding: 5px; margin: 0;">org.testng.SkipException: Skipping test :LocalDeal - becuase  Run Mode of Either test Suite ,Test Case or Data are Set as
                        No
                        	at com.q2o.base.TestBase.validateRunmodes(TestBase.java:30)
                        	at com.q2o.suiteCCW.LocalDeal.localDeal(LocalDeal.java:19)
                        	at sun.reflect.NativeMethodAccessorImpl.invoke0(Native Method)
                        	at sun.reflect.NativeMethodAccessorImpl.invoke(NativeMethodAccessorImpl.java:62)
                        	at sun.reflect.DelegatingMethodAccessorImpl.invoke(DelegatingMethodAccessorImpl.java:43)
                        	at java.lang.reflect.Method.invoke(Method.java:483)
                        	at org.testng.internal.MethodInvocationHelper.invokeMethod(MethodInvocationHelper.java:80)
                        	at org.testng.internal.Invoker.invokeMethod(Invoker.java:673)
                        	at org.testng.internal.Invoker.invokeTestMethod(Invoker.java:842)
                        	at org.testng.internal.Invoker.invokeTestMethods(Invoker.java:1166)
                        	at org.testng.internal.TestMethodWorker.invokeTestMethods(TestMethodWorker.java:125)
                        	at org.testng.internal.TestMethodWorker.run(TestMethodWorker.java:109)
                        	at org.testng.TestRunner.runWorkers(TestRunner.java:1178)
                        	at org.testng.TestRunner.privateRun(TestRunner.java:757)
                        	at org.testng.TestRunner.run(TestRunner.java:608)
                        	at org.testng.SuiteRunner.runTest(SuiteRunner.java:334)
                        	at org.testng.SuiteRunner.runSequentially(SuiteRunner.java:329)
                        	at org.testng.SuiteRunner.privateRun(SuiteRunner.java:291)
                        	at org.testng.SuiteRunner.run(SuiteRunner.java:240)
                        	at org.testng.SuiteRunnerWorker.runSuite(SuiteRunnerWorker.java:52)
                        	at org.testng.SuiteRunnerWorker.run(SuiteRunnerWorker.java:86)
                        	at org.testng.TestNG.runSuitesSequentially(TestNG.java:1158)
                        	at org.testng.TestNG.runSuitesSequentially(TestNG.java:1154)
                        	at org.testng.TestNG.runSuitesLocally(TestNG.java:1083)
                        	at org.testng.TestNG.run(TestNG.java:999)
                        	at org.apache.maven.surefire.testng.TestNGExecutor.run(TestNGExecutor.java:178)
                        	at org.apache.maven.surefire.testng.TestNGXmlTestSuite.execute(TestNGXmlTestSuite.java:92)
                        	at org.apache.maven.surefire.testng.TestNGProvider.invoke(TestNGProvider.java:96)
                        	at sun.reflect.NativeMethodAccessorImpl.invoke0(Native Method)
                        	at sun.reflect.NativeMethodAccessorImpl.invoke(NativeMethodAccessorImpl.java:62)
                        	at sun.reflect.DelegatingMethodAccessorImpl.invoke(DelegatingMethodAccessorImpl.java:43)
                        	at java.lang.reflect.Method.invoke(Method.java:483)
                        	at org.apache.maven.surefire.util.ReflectionUtils.invokeMethodWithArray(ReflectionUtils.java:189)
                        	at org.apache.maven.surefire.booter.ProviderFactory$ProviderProxy.invoke(ProviderFactory.java:165)
                        	at org.apache.maven.surefire.booter.ProviderFactory.invokeProvider(ProviderFactory.java:85)
                        	at org.apache.maven.surefire.booter.ForkedBooter.runSuitesInProcess(ForkedBooter.java:115)
                        	at org.apache.maven.surefire.booter.ForkedBooter.main(ForkedBooter.java:75)
                     </pre>
                  </div>
               </td>
            </tr>
            <tr id="com.q2o.suiteCCW.LocalDeal_localDeal_byClass_SKIP2_row"
                class="testMethodStatusSKIP">
               <td width="100%" class="firstMethodCell">
                  <a onclick="toggleDetailsVisibility('com.q2o.suiteCCW.LocalDeal_localDeal_byClass_SKIP2_details')">localDeal({Runmodes=N, userid=jgose, password=cisco123})</a>
               </td>
               <td nowrap="true">15:52:16</td>
               <td nowrap="true" align="right">86 ms
                  
               </td>
               <td nowrap="true">
                  <a onclick="toggleDetailsVisibility('com.q2o.suiteCCW.LocalDeal_localDeal_byClass_SKIP2_exception')">org.testng.SkipException: 
                     Skipping test :LocalDeal - becuase  Run Mode of Either test Suite ,Test Case or Data are Set as No
                     
                  </a>
                   
                  
               </td>
            </tr>
            <tr>
               <td colspan="4" class="detailsBox">
                  <div id="com.q2o.suiteCCW.LocalDeal_localDeal_byClass_SKIP2_details"
                       class="testMethodDetails">
                     <div>
                        <b>Name: </b>localDeal
                     </div>
                     <div>
                        <b>Signature: </b>localDeal(java.util.Hashtable)
                     </div>
                     <div>
                        <b>Parameters: </b>
                        
                        {Runmodes=N, userid=jgose, password=cisco123}
                        
                        
                     </div>
                     <div>
                        <b>Start time: </b>15:52:16
                     </div>
                     <div>
                        <b>End time: </b>15:52:16
                     </div>
                     <div>
                        <b>Duration: </b>86 ms
                        
                     </div>
                  </div>
               </td>
            </tr>
            <tr>
               <td colspan="4" class="detailsBox">
                  <div id="com.q2o.suiteCCW.LocalDeal_localDeal_byClass_SKIP2_exception"
                       class="testMethodDetails">
                     <pre style="padding: 5px; margin: 0;">org.testng.SkipException: Skipping test :LocalDeal - becuase  Run Mode of Either test Suite ,Test Case or Data are Set as
                        No
                        	at com.q2o.base.TestBase.validateRunmodes(TestBase.java:30)
                        	at com.q2o.suiteCCW.LocalDeal.localDeal(LocalDeal.java:19)
                        	at sun.reflect.NativeMethodAccessorImpl.invoke0(Native Method)
                        	at sun.reflect.NativeMethodAccessorImpl.invoke(NativeMethodAccessorImpl.java:62)
                        	at sun.reflect.DelegatingMethodAccessorImpl.invoke(DelegatingMethodAccessorImpl.java:43)
                        	at java.lang.reflect.Method.invoke(Method.java:483)
                        	at org.testng.internal.MethodInvocationHelper.invokeMethod(MethodInvocationHelper.java:80)
                        	at org.testng.internal.Invoker.invokeMethod(Invoker.java:673)
                        	at org.testng.internal.Invoker.invokeTestMethod(Invoker.java:842)
                        	at org.testng.internal.Invoker.invokeTestMethods(Invoker.java:1166)
                        	at org.testng.internal.TestMethodWorker.invokeTestMethods(TestMethodWorker.java:125)
                        	at org.testng.internal.TestMethodWorker.run(TestMethodWorker.java:109)
                        	at org.testng.TestRunner.runWorkers(TestRunner.java:1178)
                        	at org.testng.TestRunner.privateRun(TestRunner.java:757)
                        	at org.testng.TestRunner.run(TestRunner.java:608)
                        	at org.testng.SuiteRunner.runTest(SuiteRunner.java:334)
                        	at org.testng.SuiteRunner.runSequentially(SuiteRunner.java:329)
                        	at org.testng.SuiteRunner.privateRun(SuiteRunner.java:291)
                        	at org.testng.SuiteRunner.run(SuiteRunner.java:240)
                        	at org.testng.SuiteRunnerWorker.runSuite(SuiteRunnerWorker.java:52)
                        	at org.testng.SuiteRunnerWorker.run(SuiteRunnerWorker.java:86)
                        	at org.testng.TestNG.runSuitesSequentially(TestNG.java:1158)
                        	at org.testng.TestNG.runSuitesSequentially(TestNG.java:1154)
                        	at org.testng.TestNG.runSuitesLocally(TestNG.java:1083)
                        	at org.testng.TestNG.run(TestNG.java:999)
                        	at org.apache.maven.surefire.testng.TestNGExecutor.run(TestNGExecutor.java:178)
                        	at org.apache.maven.surefire.testng.TestNGXmlTestSuite.execute(TestNGXmlTestSuite.java:92)
                        	at org.apache.maven.surefire.testng.TestNGProvider.invoke(TestNGProvider.java:96)
                        	at sun.reflect.NativeMethodAccessorImpl.invoke0(Native Method)
                        	at sun.reflect.NativeMethodAccessorImpl.invoke(NativeMethodAccessorImpl.java:62)
                        	at sun.reflect.DelegatingMethodAccessorImpl.invoke(DelegatingMethodAccessorImpl.java:43)
                        	at java.lang.reflect.Method.invoke(Method.java:483)
                        	at org.apache.maven.surefire.util.ReflectionUtils.invokeMethodWithArray(ReflectionUtils.java:189)
                        	at org.apache.maven.surefire.booter.ProviderFactory$ProviderProxy.invoke(ProviderFactory.java:165)
                        	at org.apache.maven.surefire.booter.ProviderFactory.invokeProvider(ProviderFactory.java:85)
                        	at org.apache.maven.surefire.booter.ForkedBooter.runSuitesInProcess(ForkedBooter.java:115)
                        	at org.apache.maven.surefire.booter.ForkedBooter.main(ForkedBooter.java:75)
                     </pre>
                  </div>
               </td>
            </tr>
         </table>
         <br></br>
         <table class="testMethodsTable" cellpadding="0" cellspacing="0">
            <tr>
               <td colspan="4">
                  <h3 style="display: inline;">com.q2o.suiteCCW.Non_BehaviourDeal</h3>
               </td>
            </tr>
            <tr class="methodsTableHeader">
               <td width="100%">Name</td>
               <td nowrap="true">Started</td>
               <td nowrap="true">Duration</td>
               <td>Exception</td>
            </tr>
            <tr id="com.q2o.suiteCCW.Non_BehaviourDeal_non_behaviourDeal_byClass_SKIP1_row"
                class="testMethodStatusSKIP">
               <td width="100%" class="firstMethodCell">
                  <a onclick="toggleDetailsVisibility('com.q2o.suiteCCW.Non_BehaviourDeal_non_behaviourDeal_byClass_SKIP1_details')">non_behaviourDeal({Runmodes=N, userid=emily-culp, password=cisco123, Inteded Use=Rsale})</a>
               </td>
               <td nowrap="true">15:52:16</td>
               <td nowrap="true" align="right">109 ms
                  
               </td>
               <td nowrap="true">
                  <a onclick="toggleDetailsVisibility('com.q2o.suiteCCW.Non_BehaviourDeal_non_behaviourDeal_byClass_SKIP1_exception')">org.testng.SkipException: 
                     Skipping test :Non_BehaviourDeal - becuase  Run Mode of Either test Suite ,Test Case or Data are Set as No
                     
                  </a>
                   
                  
               </td>
            </tr>
            <tr>
               <td colspan="4" class="detailsBox">
                  <div id="com.q2o.suiteCCW.Non_BehaviourDeal_non_behaviourDeal_byClass_SKIP1_details"
                       class="testMethodDetails">
                     <div>
                        <b>Name: </b>non_behaviourDeal
                     </div>
                     <div>
                        <b>Signature: </b>non_behaviourDeal(java.util.Hashtable)
                     </div>
                     <div>
                        <b>Parameters: </b>
                        
                        {Runmodes=N, userid=emily-culp, password=cisco123, Inteded Use=Rsale}
                        
                        
                     </div>
                     <div>
                        <b>Start time: </b>15:52:16
                     </div>
                     <div>
                        <b>End time: </b>15:52:16
                     </div>
                     <div>
                        <b>Duration: </b>109 ms
                        
                     </div>
                  </div>
               </td>
            </tr>
            <tr>
               <td colspan="4" class="detailsBox">
                  <div id="com.q2o.suiteCCW.Non_BehaviourDeal_non_behaviourDeal_byClass_SKIP1_exception"
                       class="testMethodDetails">
                     <pre style="padding: 5px; margin: 0;">org.testng.SkipException: Skipping test :Non_BehaviourDeal - becuase  Run Mode of Either test Suite ,Test Case or Data are
                        Set as No
                        	at com.q2o.base.TestBase.validateRunmodes(TestBase.java:30)
                        	at com.q2o.suiteCCW.Non_BehaviourDeal.non_behaviourDeal(Non_BehaviourDeal.java:15)
                        	at sun.reflect.NativeMethodAccessorImpl.invoke0(Native Method)
                        	at sun.reflect.NativeMethodAccessorImpl.invoke(NativeMethodAccessorImpl.java:62)
                        	at sun.reflect.DelegatingMethodAccessorImpl.invoke(DelegatingMethodAccessorImpl.java:43)
                        	at java.lang.reflect.Method.invoke(Method.java:483)
                        	at org.testng.internal.MethodInvocationHelper.invokeMethod(MethodInvocationHelper.java:80)
                        	at org.testng.internal.Invoker.invokeMethod(Invoker.java:673)
                        	at org.testng.internal.Invoker.invokeTestMethod(Invoker.java:842)
                        	at org.testng.internal.Invoker.invokeTestMethods(Invoker.java:1166)
                        	at org.testng.internal.TestMethodWorker.invokeTestMethods(TestMethodWorker.java:125)
                        	at org.testng.internal.TestMethodWorker.run(TestMethodWorker.java:109)
                        	at org.testng.TestRunner.runWorkers(TestRunner.java:1178)
                        	at org.testng.TestRunner.privateRun(TestRunner.java:757)
                        	at org.testng.TestRunner.run(TestRunner.java:608)
                        	at org.testng.SuiteRunner.runTest(SuiteRunner.java:334)
                        	at org.testng.SuiteRunner.runSequentially(SuiteRunner.java:329)
                        	at org.testng.SuiteRunner.privateRun(SuiteRunner.java:291)
                        	at org.testng.SuiteRunner.run(SuiteRunner.java:240)
                        	at org.testng.SuiteRunnerWorker.runSuite(SuiteRunnerWorker.java:52)
                        	at org.testng.SuiteRunnerWorker.run(SuiteRunnerWorker.java:86)
                        	at org.testng.TestNG.runSuitesSequentially(TestNG.java:1158)
                        	at org.testng.TestNG.runSuitesSequentially(TestNG.java:1154)
                        	at org.testng.TestNG.runSuitesLocally(TestNG.java:1083)
                        	at org.testng.TestNG.run(TestNG.java:999)
                        	at org.apache.maven.surefire.testng.TestNGExecutor.run(TestNGExecutor.java:178)
                        	at org.apache.maven.surefire.testng.TestNGXmlTestSuite.execute(TestNGXmlTestSuite.java:92)
                        	at org.apache.maven.surefire.testng.TestNGProvider.invoke(TestNGProvider.java:96)
                        	at sun.reflect.NativeMethodAccessorImpl.invoke0(Native Method)
                        	at sun.reflect.NativeMethodAccessorImpl.invoke(NativeMethodAccessorImpl.java:62)
                        	at sun.reflect.DelegatingMethodAccessorImpl.invoke(DelegatingMethodAccessorImpl.java:43)
                        	at java.lang.reflect.Method.invoke(Method.java:483)
                        	at org.apache.maven.surefire.util.ReflectionUtils.invokeMethodWithArray(ReflectionUtils.java:189)
                        	at org.apache.maven.surefire.booter.ProviderFactory$ProviderProxy.invoke(ProviderFactory.java:165)
                        	at org.apache.maven.surefire.booter.ProviderFactory.invokeProvider(ProviderFactory.java:85)
                        	at org.apache.maven.surefire.booter.ForkedBooter.runSuitesInProcess(ForkedBooter.java:115)
                        	at org.apache.maven.surefire.booter.ForkedBooter.main(ForkedBooter.java:75)
                     </pre>
                  </div>
               </td>
            </tr>
            <tr id="com.q2o.suiteCCW.Non_BehaviourDeal_non_behaviourDeal_byClass_SKIP2_row"
                class="testMethodStatusSKIP">
               <td width="100%" class="firstMethodCell">
                  <a onclick="toggleDetailsVisibility('com.q2o.suiteCCW.Non_BehaviourDeal_non_behaviourDeal_byClass_SKIP2_details')">non_behaviourDeal({Runmodes=N, userid=jgose, password=cisco123, Inteded Use=Resale})</a>
               </td>
               <td nowrap="true">15:52:16</td>
               <td nowrap="true" align="right">75 ms
                  
               </td>
               <td nowrap="true">
                  <a onclick="toggleDetailsVisibility('com.q2o.suiteCCW.Non_BehaviourDeal_non_behaviourDeal_byClass_SKIP2_exception')">org.testng.SkipException: 
                     Skipping test :Non_BehaviourDeal - becuase  Run Mode of Either test Suite ,Test Case or Data are Set as No
                     
                  </a>
                   
                  
               </td>
            </tr>
            <tr>
               <td colspan="4" class="detailsBox">
                  <div id="com.q2o.suiteCCW.Non_BehaviourDeal_non_behaviourDeal_byClass_SKIP2_details"
                       class="testMethodDetails">
                     <div>
                        <b>Name: </b>non_behaviourDeal
                     </div>
                     <div>
                        <b>Signature: </b>non_behaviourDeal(java.util.Hashtable)
                     </div>
                     <div>
                        <b>Parameters: </b>
                        
                        {Runmodes=N, userid=jgose, password=cisco123, Inteded Use=Resale}
                        
                        
                     </div>
                     <div>
                        <b>Start time: </b>15:52:16
                     </div>
                     <div>
                        <b>End time: </b>15:52:16
                     </div>
                     <div>
                        <b>Duration: </b>75 ms
                        
                     </div>
                  </div>
               </td>
            </tr>
            <tr>
               <td colspan="4" class="detailsBox">
                  <div id="com.q2o.suiteCCW.Non_BehaviourDeal_non_behaviourDeal_byClass_SKIP2_exception"
                       class="testMethodDetails">
                     <pre style="padding: 5px; margin: 0;">org.testng.SkipException: Skipping test :Non_BehaviourDeal - becuase  Run Mode of Either test Suite ,Test Case or Data are
                        Set as No
                        	at com.q2o.base.TestBase.validateRunmodes(TestBase.java:30)
                        	at com.q2o.suiteCCW.Non_BehaviourDeal.non_behaviourDeal(Non_BehaviourDeal.java:15)
                        	at sun.reflect.NativeMethodAccessorImpl.invoke0(Native Method)
                        	at sun.reflect.NativeMethodAccessorImpl.invoke(NativeMethodAccessorImpl.java:62)
                        	at sun.reflect.DelegatingMethodAccessorImpl.invoke(DelegatingMethodAccessorImpl.java:43)
                        	at java.lang.reflect.Method.invoke(Method.java:483)
                        	at org.testng.internal.MethodInvocationHelper.invokeMethod(MethodInvocationHelper.java:80)
                        	at org.testng.internal.Invoker.invokeMethod(Invoker.java:673)
                        	at org.testng.internal.Invoker.invokeTestMethod(Invoker.java:842)
                        	at org.testng.internal.Invoker.invokeTestMethods(Invoker.java:1166)
                        	at org.testng.internal.TestMethodWorker.invokeTestMethods(TestMethodWorker.java:125)
                        	at org.testng.internal.TestMethodWorker.run(TestMethodWorker.java:109)
                        	at org.testng.TestRunner.runWorkers(TestRunner.java:1178)
                        	at org.testng.TestRunner.privateRun(TestRunner.java:757)
                        	at org.testng.TestRunner.run(TestRunner.java:608)
                        	at org.testng.SuiteRunner.runTest(SuiteRunner.java:334)
                        	at org.testng.SuiteRunner.runSequentially(SuiteRunner.java:329)
                        	at org.testng.SuiteRunner.privateRun(SuiteRunner.java:291)
                        	at org.testng.SuiteRunner.run(SuiteRunner.java:240)
                        	at org.testng.SuiteRunnerWorker.runSuite(SuiteRunnerWorker.java:52)
                        	at org.testng.SuiteRunnerWorker.run(SuiteRunnerWorker.java:86)
                        	at org.testng.TestNG.runSuitesSequentially(TestNG.java:1158)
                        	at org.testng.TestNG.runSuitesSequentially(TestNG.java:1154)
                        	at org.testng.TestNG.runSuitesLocally(TestNG.java:1083)
                        	at org.testng.TestNG.run(TestNG.java:999)
                        	at org.apache.maven.surefire.testng.TestNGExecutor.run(TestNGExecutor.java:178)
                        	at org.apache.maven.surefire.testng.TestNGXmlTestSuite.execute(TestNGXmlTestSuite.java:92)
                        	at org.apache.maven.surefire.testng.TestNGProvider.invoke(TestNGProvider.java:96)
                        	at sun.reflect.NativeMethodAccessorImpl.invoke0(Native Method)
                        	at sun.reflect.NativeMethodAccessorImpl.invoke(NativeMethodAccessorImpl.java:62)
                        	at sun.reflect.DelegatingMethodAccessorImpl.invoke(DelegatingMethodAccessorImpl.java:43)
                        	at java.lang.reflect.Method.invoke(Method.java:483)
                        	at org.apache.maven.surefire.util.ReflectionUtils.invokeMethodWithArray(ReflectionUtils.java:189)
                        	at org.apache.maven.surefire.booter.ProviderFactory$ProviderProxy.invoke(ProviderFactory.java:165)
                        	at org.apache.maven.surefire.booter.ProviderFactory.invokeProvider(ProviderFactory.java:85)
                        	at org.apache.maven.surefire.booter.ForkedBooter.runSuitesInProcess(ForkedBooter.java:115)
                        	at org.apache.maven.surefire.booter.ForkedBooter.main(ForkedBooter.java:75)
                     </pre>
                  </div>
               </td>
            </tr>
         </table>
         <br></br>
      </div>
      <div style="margin-top: 15px; color: gray; text-align: center; font-size: 9px;">
         Generated with
         
         <a href="http://code.google.com/p/testng-xslt/" style="color: #8888aa;"
            target="_blank">
            TestNG XSLT
            
         </a>
      </div>
   </body>
</html>