<?xml version="1.0" encoding="UTF-8"?>
<!-- Generated by org.testng.reporters.JUnitReportReporter -->
<testsuite hostname="DSHAHI-WS02" name="com.q2o.suiteCCW.BehaviourDeal" tests="2" failures="1" timestamp="14 Apr 2015 03:26:42 GMT" time="98.635" errors="0">
  <testcase name="behaviourDeal" time="98.576" classname="com.q2o.suiteCCW.BehaviourDeal"/>
  <testcase name="behaviourDeal" time="0.059" classname="com.q2o.suiteCCW.BehaviourDeal">
    <failure type="org.testng.SkipException" message="Skipping test :BehaviourDeal - becuase  Run Mode of Either test Suite ,Test Case or Data are Set as No">
      <![CDATA[org.testng.SkipException: Skipping test :BehaviourDeal - becuase  Run Mode of Either test Suite ,Test Case or Data are Set as No
	at com.q2o.base.TestBase.validateRunmodes(TestBase.java:78)
	at com.q2o.suiteCCW.BehaviourDeal.behaviourDeal(BehaviourDeal.java:20)
	at sun.reflect.NativeMethodAccessorImpl.invoke0(Native Method)
	at sun.reflect.NativeMethodAccessorImpl.invoke(Unknown Source)
	at sun.reflect.DelegatingMethodAccessorImpl.invoke(Unknown Source)
	at java.lang.reflect.Method.invoke(Unknown Source)
	at org.testng.internal.MethodInvocationHelper.invokeMethod(MethodInvocationHelper.java:84)
	at org.testng.internal.Invoker.invokeMethod(Invoker.java:714)
	at org.testng.internal.Invoker.invokeTestMethod(Invoker.java:901)
	at org.testng.internal.Invoker.invokeTestMethods(Invoker.java:1231)
	at org.testng.internal.TestMethodWorker.invokeTestMethods(TestMethodWorker.java:127)
	at org.testng.internal.TestMethodWorker.run(TestMethodWorker.java:111)
	at org.testng.TestRunner.privateRun(TestRunner.java:767)
	at org.testng.TestRunner.run(TestRunner.java:617)
	at org.testng.SuiteRunner.runTest(SuiteRunner.java:334)
	at org.testng.SuiteRunner.runSequentially(SuiteRunner.java:329)
	at org.testng.SuiteRunner.privateRun(SuiteRunner.java:291)
	at org.testng.SuiteRunner.run(SuiteRunner.java:240)
	at org.testng.SuiteRunnerWorker.runSuite(SuiteRunnerWorker.java:52)
	at org.testng.SuiteRunnerWorker.run(SuiteRunnerWorker.java:86)
	at org.testng.TestNG.runSuitesSequentially(TestNG.java:1224)
	at org.testng.TestNG.runSuitesLocally(TestNG.java:1149)
	at org.testng.TestNG.run(TestNG.java:1057)
	at org.testng.remote.RemoteTestNG.run(RemoteTestNG.java:111)
	at org.testng.remote.RemoteTestNG.initAndRun(RemoteTestNG.java:204)
	at org.testng.remote.RemoteTestNG.main(RemoteTestNG.java:175)
]]>
    </failure>
  </testcase> <!-- behaviourDeal -->
</testsuite> <!-- com.q2o.suiteCCW.BehaviourDeal -->
