<?xml version="1.0" encoding="UTF-8"?>
<!-- Generated by org.testng.reporters.JUnitXMLReporter -->
<testsuite hostname="DSHAHI-WS02" name="Transactional Deal" tests="2" failures="1" timestamp="9 Apr 2015 22:02:30 GMT" time="11.024" errors="0">
  <testcase name="transactionalQuote" time="10.883" classname="com.q2o.suiteSFDC.TransactionalQuote">
    <failure type="java.lang.AssertionError" message="Opty Creation failed">
      <![CDATA[java.lang.AssertionError: Opty Creation failed
	at com.q2o.base.TestBase.createSFDCOpty(TestBase.java:494)
	at com.q2o.suiteSFDC.TransactionalQuote.transactionalQuote(TransactionalQuote.java:27)
... Removed 26 stack frames]]>
    </failure>
  </testcase> <!-- transactionalQuote -->
  <testcase name="transactionalQuote" time="0.081" classname="com.q2o.suiteSFDC.TransactionalQuote">
    <skipped/>
  </testcase> <!-- transactionalQuote -->
</testsuite> <!-- Transactional Deal -->
